<?xml version="1.0" encoding="UTF-8"?>
<!-- Generated by org.testng.reporters.JUnitXMLReporter -->
<testsuite ignored="1" hostname="DESKTOP-4DE5P58" failures="0" tests="2" name="Test" time="53.293" errors="0" timestamp="2022-07-01T10:43:10 IST">
  <testcase classname="tests.LoginTest" name="RegisterUser" time="0.005"/>
  <testcase classname="tests.LoginTest" name="Validate_LoginTest" time="46.151"/>
  <testcase classname="tests.LoginTest" name="Validate_TopMenuLinks" time="0.0">
    <ignored/>
  </testcase> <!-- Validate_TopMenuLinks -->
</testsuite> <!-- Test -->
