<?xml version="1.0" encoding="UTF-8"?>
<!-- Generated by org.testng.reporters.JUnitXMLReporter -->
<testsuite ignored="2" hostname="DESKTOP-4DE5P58" failures="0" tests="1" name="FirefoxTest" time="12.522" errors="0" timestamp="2022-07-01T11:10:53 IST">
  <testcase classname="tests.LoginTest" name="RegisterUser" time="0.004"/>
  <testcase classname="tests.LoginTest" name="Validate_LoginTest" time="0.0">
    <ignored/>
  </testcase> <!-- Validate_LoginTest -->
  <testcase classname="tests.LoginTest" name="Validate_TopMenuLinks" time="0.0">
    <ignored/>
  </testcase> <!-- Validate_TopMenuLinks -->
</testsuite> <!-- FirefoxTest -->
