<?xml version="1.0" encoding="UTF-8"?>
<!-- Generated by org.testng.reporters.JUnitXMLReporter -->
<testsuite ignored="0" hostname="DESKTOP-4DE5P58" failures="1" tests="2" name="Test" time="28.085" errors="0" timestamp="2022-07-01T08:52:19 IST">
  <testcase classname="tests.LoginTest" name="Validate_LoginTest" time="12.691"/>
  <testcase classname="tests.LoginTest" name="Validate_TopMenuLinks" time="0.345">
    <failure type="java.lang.AssertionError" message="The actual size is 10 and the expected size is 8 expected [true] but found [false]">
      <![CDATA[java.lang.AssertionError: The actual size is 10 and the expected size is 8 expected [true] but found [false]
at tests.LoginTest.Validate_TopMenuLinks(LoginTest.java:66)
at java.base/java.util.ArrayList.forEach(ArrayList.java:1511)
... Removed 34 stack frames]]>
    </failure>
  </testcase> <!-- Validate_TopMenuLinks -->
</testsuite> <!-- Test -->
