<?xml version="1.0" encoding="UTF-8"?>
<testng-results ignored="3" total="6" passed="2" failed="1" skipped="0">
  <reporter-output>
  </reporter-output>
  <suite started-at="2022-07-01T11:10:40 IST" name="Suite" finished-at="2022-07-01T11:11:03 IST" duration-ms="22672">
    <groups>
    </groups>
    <test started-at="2022-07-01T11:10:40 IST" name="FirefoxTest" finished-at="2022-07-01T11:10:53 IST" duration-ms="12522">
      <class name="tests.LoginTest">
        <test-method is-config="true" signature="DriverInitialization(java.lang.String)[pri:0, instance:tests.LoginTest@59309333]" started-at="2022-07-01T11:10:40 IST" name="DriverInitialization" finished-at="2022-07-01T11:10:43 IST" duration-ms="2608" status="PASS">
          <params>
            <param index="0">
              <value>
                <![CDATA[firefox]]>
              </value>
            </param>
          </params>
          <reporter-output>
          </reporter-output>
        </test-method> <!-- DriverInitialization -->
        <test-method is-config="true" signature="beforeClass()[pri:0, instance:tests.LoginTest@59309333]" started-at="2022-07-01T11:10:43 IST" name="beforeClass" finished-at="2022-07-01T11:10:52 IST" duration-ms="9343" status="PASS">
          <reporter-output>
          </reporter-output>
        </test-method> <!-- beforeClass -->
        <test-method is-config="true" signature="CreateTestforReport(java.lang.reflect.Method)[pri:0, instance:tests.LoginTest@59309333]" started-at="2022-07-01T11:10:52 IST" name="CreateTestforReport" finished-at="2022-07-01T11:10:52 IST" duration-ms="3" status="PASS">
          <params>
            <param index="0">
              <value>
                <![CDATA[public void tests.LoginTest.RegisterUser()]]>
              </value>
            </param>
          </params>
          <reporter-output>
          </reporter-output>
        </test-method> <!-- CreateTestforReport -->
        <test-method signature="RegisterUser()[pri:0, instance:tests.LoginTest@59309333]" started-at="2022-07-01T11:10:52 IST" name="RegisterUser" finished-at="2022-07-01T11:10:52 IST" duration-ms="4" status="PASS">
          <reporter-output>
          </reporter-output>
        </test-method> <!-- RegisterUser -->
        <test-method is-config="true" signature="PrintResults(org.testng.ITestResult)[pri:0, instance:tests.LoginTest@59309333]" started-at="2022-07-01T11:10:52 IST" name="PrintResults" finished-at="2022-07-01T11:10:52 IST" duration-ms="0" status="PASS">
          <params>
            <param index="0">
              <value>
                <![CDATA[[TestResult name=RegisterUser status=SUCCESS method=LoginTest.RegisterUser()[pri:0, instance:tests.LoginTest@59309333] output={null}]]]>
              </value>
            </param>
          </params>
          <reporter-output>
          </reporter-output>
        </test-method> <!-- PrintResults -->
        <test-method is-config="true" signature="afterClass()[pri:0, instance:tests.LoginTest@59309333]" started-at="2022-07-01T11:10:52 IST" name="afterClass" finished-at="2022-07-01T11:10:52 IST" duration-ms="0" status="PASS">
          <reporter-output>
          </reporter-output>
        </test-method> <!-- afterClass -->
        <test-method is-config="true" signature="TerminateDriver()[pri:0, instance:tests.LoginTest@59309333]" started-at="2022-07-01T11:10:52 IST" name="TerminateDriver" finished-at="2022-07-01T11:10:53 IST" duration-ms="543" status="PASS">
          <reporter-output>
          </reporter-output>
        </test-method> <!-- TerminateDriver -->
      </class> <!-- tests.LoginTest -->
    </test> <!-- FirefoxTest -->
    <test started-at="2022-07-01T11:10:53 IST" name="ChromeTest" finished-at="2022-07-01T11:11:03 IST" duration-ms="10133">
      <class name="tests.LoginTest">
        <test-method is-config="true" signature="ReportInitialization()[pri:0, instance:tests.LoginTest@1a482e36]" started-at="2022-07-01T11:10:40 IST" name="ReportInitialization" finished-at="2022-07-01T11:10:40 IST" duration-ms="145" status="PASS">
          <reporter-output>
          </reporter-output>
        </test-method> <!-- ReportInitialization -->
        <test-method is-config="true" signature="DriverInitialization(java.lang.String)[pri:0, instance:tests.LoginTest@1a482e36]" started-at="2022-07-01T11:10:53 IST" name="DriverInitialization" finished-at="2022-07-01T11:10:53 IST" duration-ms="676" status="PASS">
          <params>
            <param index="0">
              <value>
                <![CDATA[chrome]]>
              </value>
            </param>
          </params>
          <reporter-output>
          </reporter-output>
        </test-method> <!-- DriverInitialization -->
        <test-method is-config="true" signature="beforeClass()[pri:0, instance:tests.LoginTest@1a482e36]" started-at="2022-07-01T11:10:53 IST" name="beforeClass" finished-at="2022-07-01T11:10:57 IST" duration-ms="3635" status="PASS">
          <reporter-output>
          </reporter-output>
        </test-method> <!-- beforeClass -->
        <test-method signature="RegisterUser()[pri:0, instance:tests.LoginTest@1a482e36]" started-at="2022-07-01T11:10:57 IST" name="RegisterUser" finished-at="2022-07-01T11:10:57 IST" duration-ms="0" status="PASS">
          <reporter-output>
          </reporter-output>
        </test-method> <!-- RegisterUser -->
        <test-method is-config="true" signature="CreateTestforReport(java.lang.reflect.Method)[pri:0, instance:tests.LoginTest@1a482e36]" started-at="2022-07-01T11:10:57 IST" name="CreateTestforReport" finished-at="2022-07-01T11:10:57 IST" duration-ms="0" status="PASS">
          <params>
            <param index="0">
              <value>
                <![CDATA[public void tests.LoginTest.RegisterUser()]]>
              </value>
            </param>
          </params>
          <reporter-output>
          </reporter-output>
        </test-method> <!-- CreateTestforReport -->
        <test-method is-config="true" signature="PrintResults(org.testng.ITestResult)[pri:0, instance:tests.LoginTest@1a482e36]" started-at="2022-07-01T11:10:57 IST" name="PrintResults" finished-at="2022-07-01T11:10:57 IST" duration-ms="0" status="PASS">
          <params>
            <param index="0">
              <value>
                <![CDATA[[TestResult name=RegisterUser status=SUCCESS method=LoginTest.RegisterUser()[pri:0, instance:tests.LoginTest@1a482e36] output={null}]]]>
              </value>
            </param>
          </params>
          <reporter-output>
          </reporter-output>
        </test-method> <!-- PrintResults -->
        <test-method signature="Validate_LoginTest()[pri:0, instance:tests.LoginTest@1a482e36]" started-at="2022-07-01T11:10:57 IST" name="Validate_LoginTest" finished-at="2022-07-01T11:11:03 IST" depends-on-methods="tests.LoginTest.RegisterUser" duration-ms="5466" status="FAIL">
          <exception class="java.lang.AssertionError">
            <message>
              <![CDATA[expected [tester] but found [test]]]>
            </message>
            <full-stacktrace>
              <![CDATA[java.lang.AssertionError: expected [tester] but found [test]
at org.testng.Assert.fail(Assert.java:110)
at org.testng.Assert.failNotEquals(Assert.java:1413)
at org.testng.Assert.assertEqualsImpl(Assert.java:149)
at org.testng.Assert.assertEquals(Assert.java:131)
at org.testng.Assert.assertEquals(Assert.java:655)
at org.testng.Assert.assertEquals(Assert.java:665)
at tests.LoginTest.Validate_LoginTest(LoginTest.java:49)
at java.base/jdk.internal.reflect.NativeMethodAccessorImpl.invoke0(Native Method)
at java.base/jdk.internal.reflect.NativeMethodAccessorImpl.invoke(NativeMethodAccessorImpl.java:77)
at java.base/jdk.internal.reflect.DelegatingMethodAccessorImpl.invoke(DelegatingMethodAccessorImpl.java:43)
at java.base/java.lang.reflect.Method.invoke(Method.java:568)
at org.testng.internal.invokers.MethodInvocationHelper.invokeMethod(MethodInvocationHelper.java:139)
at org.testng.internal.invokers.TestInvoker.invokeMethod(TestInvoker.java:677)
at org.testng.internal.invokers.TestInvoker.invokeTestMethod(TestInvoker.java:221)
at org.testng.internal.invokers.MethodRunner.runInSequence(MethodRunner.java:50)
at org.testng.internal.invokers.TestInvoker$MethodInvocationAgent.invoke(TestInvoker.java:962)
at org.testng.internal.invokers.TestInvoker.invokeTestMethods(TestInvoker.java:194)
at org.testng.internal.invokers.TestMethodWorker.invokeTestMethods(TestMethodWorker.java:148)
at org.testng.internal.invokers.TestMethodWorker.run(TestMethodWorker.java:128)
at java.base/java.util.ArrayList.forEach(ArrayList.java:1511)
at org.testng.TestRunner.privateRun(TestRunner.java:806)
at org.testng.TestRunner.run(TestRunner.java:601)
at org.testng.SuiteRunner.runTest(SuiteRunner.java:433)
at org.testng.SuiteRunner.runSequentially(SuiteRunner.java:427)
at org.testng.SuiteRunner.privateRun(SuiteRunner.java:387)
at org.testng.SuiteRunner.run(SuiteRunner.java:330)
at org.testng.SuiteRunnerWorker.runSuite(SuiteRunnerWorker.java:52)
at org.testng.SuiteRunnerWorker.run(SuiteRunnerWorker.java:95)
at org.testng.TestNG.runSuitesSequentially(TestNG.java:1256)
at org.testng.TestNG.runSuitesLocally(TestNG.java:1176)
at org.testng.TestNG.runSuites(TestNG.java:1099)
at org.testng.TestNG.run(TestNG.java:1067)
at org.apache.maven.surefire.testng.TestNGExecutor.run(TestNGExecutor.java:324)
at org.apache.maven.surefire.testng.TestNGXmlTestSuite.execute(TestNGXmlTestSuite.java:74)
at org.apache.maven.surefire.testng.TestNGProvider.invoke(TestNGProvider.java:123)
at org.apache.maven.surefire.booter.ForkedBooter.runSuitesInProcess(ForkedBooter.java:456)
at org.apache.maven.surefire.booter.ForkedBooter.execute(ForkedBooter.java:169)
at org.apache.maven.surefire.booter.ForkedBooter.run(ForkedBooter.java:595)
at org.apache.maven.surefire.booter.ForkedBooter.main(ForkedBooter.java:581)
]]>
            </full-stacktrace>
          </exception> <!-- java.lang.AssertionError -->
          <reporter-output>
          </reporter-output>
        </test-method> <!-- Validate_LoginTest -->
        <test-method is-config="true" signature="CreateTestforReport(java.lang.reflect.Method)[pri:0, instance:tests.LoginTest@1a482e36]" started-at="2022-07-01T11:10:57 IST" name="CreateTestforReport" finished-at="2022-07-01T11:10:57 IST" duration-ms="0" status="PASS">
          <params>
            <param index="0">
              <value>
                <![CDATA[public void tests.LoginTest.Validate_LoginTest()]]>
              </value>
            </param>
          </params>
          <reporter-output>
          </reporter-output>
        </test-method> <!-- CreateTestforReport -->
        <test-method is-config="true" signature="PrintResults(org.testng.ITestResult)[pri:0, instance:tests.LoginTest@1a482e36]" started-at="2022-07-01T11:11:03 IST" name="PrintResults" finished-at="2022-07-01T11:11:03 IST" duration-ms="203" status="PASS">
          <params>
            <param index="0">
              <value>
                <![CDATA[[TestResult name=Validate_LoginTest status=FAILURE method=LoginTest.Validate_LoginTest()[pri:0, instance:tests.LoginTest@1a482e36] output={null}]]]>
              </value>
            </param>
          </params>
          <reporter-output>
          </reporter-output>
        </test-method> <!-- PrintResults -->
        <test-method is-config="true" signature="afterClass()[pri:0, instance:tests.LoginTest@1a482e36]" started-at="2022-07-01T11:11:03 IST" name="afterClass" finished-at="2022-07-01T11:11:03 IST" duration-ms="1" status="PASS">
          <reporter-output>
          </reporter-output>
        </test-method> <!-- afterClass -->
        <test-method is-config="true" signature="TerminateDriver()[pri:0, instance:tests.LoginTest@1a482e36]" started-at="2022-07-01T11:11:03 IST" name="TerminateDriver" finished-at="2022-07-01T11:11:03 IST" duration-ms="148" status="PASS">
          <reporter-output>
          </reporter-output>
        </test-method> <!-- TerminateDriver -->
        <test-method is-config="true" signature="TerminateReport()[pri:0, instance:tests.LoginTest@1a482e36]" started-at="2022-07-01T11:11:03 IST" name="TerminateReport" finished-at="2022-07-01T11:11:03 IST" duration-ms="182" status="PASS">
          <reporter-output>
          </reporter-output>
        </test-method> <!-- TerminateReport -->
      </class> <!-- tests.LoginTest -->
    </test> <!-- ChromeTest -->
  </suite> <!-- Suite -->
</testng-results>
