<?xml version="1.0" encoding="UTF-8"?>
<testng-results ignored="1" total="2" passed="0" failed="1" skipped="0">
  <reporter-output>
  </reporter-output>
  <suite started-at="2022-07-01T09:01:46 IST" name="Suite" finished-at="2022-07-01T09:01:52 IST" duration-ms="6233">
    <groups>
    </groups>
    <test started-at="2022-07-01T09:01:46 IST" name="Test" finished-at="2022-07-01T09:01:52 IST" duration-ms="6233">
      <class name="tests.LoginTest">
        <test-method is-config="true" signature="DriverInitialization()[pri:0, instance:tests.LoginTest@6e6f2380]" started-at="2022-07-01T09:01:45 IST" name="DriverInitialization" finished-at="2022-07-01T09:01:46 IST" duration-ms="155" status="PASS">
          <reporter-output>
          </reporter-output>
        </test-method> <!-- DriverInitialization -->
        <test-method is-config="true" signature="SetupBrowser(java.lang.String)[pri:0, instance:tests.LoginTest@6e6f2380]" started-at="2022-07-01T09:01:46 IST" name="SetupBrowser" finished-at="2022-07-01T09:01:47 IST" duration-ms="1309" status="PASS">
          <params>
            <param index="0">
              <value>
                <![CDATA[chrome]]>
              </value>
            </param>
          </params>
          <reporter-output>
          </reporter-output>
        </test-method> <!-- SetupBrowser -->
        <test-method is-config="true" signature="beforeClass()[pri:0, instance:tests.LoginTest@6e6f2380]" started-at="2022-07-01T09:01:47 IST" name="beforeClass" finished-at="2022-07-01T09:01:51 IST" duration-ms="4135" status="PASS">
          <reporter-output>
          </reporter-output>
        </test-method> <!-- beforeClass -->
        <test-method is-config="true" signature="CreateTestforReport(java.lang.reflect.Method)[pri:0, instance:tests.LoginTest@6e6f2380]" started-at="2022-07-01T09:01:51 IST" name="CreateTestforReport" finished-at="2022-07-01T09:01:51 IST" duration-ms="3" status="PASS">
          <params>
            <param index="0">
              <value>
                <![CDATA[public void tests.LoginTest.Validate_TopMenuLinks()]]>
              </value>
            </param>
          </params>
          <reporter-output>
          </reporter-output>
        </test-method> <!-- CreateTestforReport -->
        <test-method signature="Validate_TopMenuLinks()[pri:0, instance:tests.LoginTest@6e6f2380]" started-at="2022-07-01T09:01:51 IST" name="Validate_TopMenuLinks" finished-at="2022-07-01T09:01:52 IST" duration-ms="576" status="FAIL">
          <exception class="java.lang.AssertionError">
            <message>
              <![CDATA[expected [true] but found [false]]]>
            </message>
            <full-stacktrace>
              <![CDATA[java.lang.AssertionError: expected [true] but found [false]
at org.testng.Assert.fail(Assert.java:110)
at org.testng.Assert.failNotEquals(Assert.java:1413)
at org.testng.Assert.assertTrue(Assert.java:56)
at org.testng.Assert.assertTrue(Assert.java:66)
at tests.LoginTest.Validate_TopMenuLinks(LoginTest.java:70)
at java.base/jdk.internal.reflect.NativeMethodAccessorImpl.invoke0(Native Method)
at java.base/jdk.internal.reflect.NativeMethodAccessorImpl.invoke(NativeMethodAccessorImpl.java:77)
at java.base/jdk.internal.reflect.DelegatingMethodAccessorImpl.invoke(DelegatingMethodAccessorImpl.java:43)
at java.base/java.lang.reflect.Method.invoke(Method.java:568)
at org.testng.internal.invokers.MethodInvocationHelper.invokeMethod(MethodInvocationHelper.java:139)
at org.testng.internal.invokers.TestInvoker.invokeMethod(TestInvoker.java:677)
at org.testng.internal.invokers.TestInvoker.invokeTestMethod(TestInvoker.java:221)
at org.testng.internal.invokers.MethodRunner.runInSequence(MethodRunner.java:50)
at org.testng.internal.invokers.TestInvoker$MethodInvocationAgent.invoke(TestInvoker.java:962)
at org.testng.internal.invokers.TestInvoker.invokeTestMethods(TestInvoker.java:194)
at org.testng.internal.invokers.TestMethodWorker.invokeTestMethods(TestMethodWorker.java:148)
at org.testng.internal.invokers.TestMethodWorker.run(TestMethodWorker.java:128)
at java.base/java.util.ArrayList.forEach(ArrayList.java:1511)
at org.testng.TestRunner.privateRun(TestRunner.java:806)
at org.testng.TestRunner.run(TestRunner.java:601)
at org.testng.SuiteRunner.runTest(SuiteRunner.java:433)
at org.testng.SuiteRunner.runSequentially(SuiteRunner.java:427)
at org.testng.SuiteRunner.privateRun(SuiteRunner.java:387)
at org.testng.SuiteRunner.run(SuiteRunner.java:330)
at org.testng.SuiteRunnerWorker.runSuite(SuiteRunnerWorker.java:52)
at org.testng.SuiteRunnerWorker.run(SuiteRunnerWorker.java:95)
at org.testng.TestNG.runSuitesSequentially(TestNG.java:1256)
at org.testng.TestNG.runSuitesLocally(TestNG.java:1176)
at org.testng.TestNG.runSuites(TestNG.java:1099)
at org.testng.TestNG.run(TestNG.java:1067)
at org.testng.remote.AbstractRemoteTestNG.run(AbstractRemoteTestNG.java:115)
at org.testng.remote.RemoteTestNG.initAndRun(RemoteTestNG.java:251)
at org.testng.remote.RemoteTestNG.main(RemoteTestNG.java:77)
]]>
            </full-stacktrace>
          </exception> <!-- java.lang.AssertionError -->
          <reporter-output>
          </reporter-output>
        </test-method> <!-- Validate_TopMenuLinks -->
        <test-method is-config="true" signature="PrintResults(org.testng.ITestResult)[pri:0, instance:tests.LoginTest@6e6f2380]" started-at="2022-07-01T09:01:52 IST" name="PrintResults" finished-at="2022-07-01T09:01:52 IST" duration-ms="190" status="PASS">
          <params>
            <param index="0">
              <value>
                <![CDATA[[TestResult name=Validate_TopMenuLinks status=FAILURE method=LoginTest.Validate_TopMenuLinks()[pri:0, instance:tests.LoginTest@6e6f2380] output={null}]]]>
              </value>
            </param>
          </params>
          <reporter-output>
          </reporter-output>
        </test-method> <!-- PrintResults -->
        <test-method is-config="true" signature="afterClass()[pri:0, instance:tests.LoginTest@6e6f2380]" started-at="2022-07-01T09:01:52 IST" name="afterClass" finished-at="2022-07-01T09:01:52 IST" duration-ms="0" status="PASS">
          <reporter-output>
          </reporter-output>
        </test-method> <!-- afterClass -->
        <test-method is-config="true" signature="DriverTermination()[pri:0, instance:tests.LoginTest@6e6f2380]" started-at="2022-07-01T09:01:52 IST" name="DriverTermination" finished-at="2022-07-01T09:01:52 IST" duration-ms="316" status="PASS">
          <reporter-output>
          </reporter-output>
        </test-method> <!-- DriverTermination -->
      </class> <!-- tests.LoginTest -->
    </test> <!-- Test -->
  </suite> <!-- Suite -->
</testng-results>
